[2022-02-14 21:35:44.631] [main] [info] update#setState idle
[2022-02-14 21:35:45.156] [main] [info] ExtensionHostStarterWorker created
[2022-02-14 21:35:50.283] [main] [info] Starting extension host with pid 442 (fork() took 53 ms).
[2022-02-14 21:36:14.639] [main] [info] update#setState checking for updates
[2022-02-14 21:36:24.701] [main] [error] Error: net::ERR_NAME_NOT_RESOLVED
    at SimpleURLLoaderWrapper.<anonymous> (electron/js2c/browser_init.js:109:7068)
    at SimpleURLLoaderWrapper.emit (events.js:315:20)
[2022-02-14 21:36:24.702] [main] [info] update#setState idle
[2022-02-14 22:36:14.658] [main] [info] update#setState checking for updates
[2022-02-14 22:36:24.690] [main] [error] Error: net::ERR_NAME_NOT_RESOLVED
    at SimpleURLLoaderWrapper.<anonymous> (electron/js2c/browser_init.js:109:7068)
    at SimpleURLLoaderWrapper.emit (events.js:315:20)
[2022-02-14 22:36:24.691] [main] [info] update#setState idle
[2022-02-14 23:36:14.683] [main] [info] update#setState checking for updates
[2022-02-14 23:38:27.371] [main] [error] Error: net::ERR_CONNECTION_TIMED_OUT
    at SimpleURLLoaderWrapper.<anonymous> (electron/js2c/browser_init.js:109:7068)
    at SimpleURLLoaderWrapper.emit (events.js:315:20)
[2022-02-14 23:38:27.372] [main] [info] update#setState idle
[2022-02-15 00:36:02.516] [main] [info] update#setState checking for updates
[2022-02-15 00:36:03.478] [main] [error] Error: net::ERR_NAME_NOT_RESOLVED
    at SimpleURLLoaderWrapper.<anonymous> (electron/js2c/browser_init.js:109:7068)
    at SimpleURLLoaderWrapper.emit (events.js:315:20)
[2022-02-15 00:36:03.479] [main] [info] update#setState idle
[2022-02-15 01:36:02.620] [main] [info] update#setState checking for updates
[2022-02-15 01:36:04.423] [main] [info] update#setState available for download
[2022-02-15 02:43:31.471] [main] [info] Waiting for extension host with pid 442 to exit.
[2022-02-15 02:43:31.477] [main] [info] Extension host with pid 442 exited with code: 0, signal: null.
