[Info  - 15:14:46.630] Reading sessions from keychain...
[Info  - 15:14:46.720] Getting sessions for user:email...
[Info  - 15:14:46.722] Got 0 sessions for user:email...
[Info  - 15:14:46.748] Getting sessions for all scopes...
[Info  - 15:14:46.749] Got 0 sessions for ...
[Info  - 15:19:30.28] Getting sessions for repo,workflow...
[Info  - 15:19:30.28] Got 0 sessions for repo,workflow...
[Info  - 15:19:34.700] Logging in for the following scopes: repo workflow
[Trace  - 15:19:55.742] Handling Uri...
[Info  - 15:19:55.743] Exchanging code for token...
[Info  - 15:19:56.921] Token exchange success!
[Info  - 15:19:56.925] Getting user info...
[Info  - 15:19:57.653] Got account info!
[Info  - 15:19:57.654] Storing 1 sessions...
[Info  - 15:19:57.749] Reading sessions from keychain...
[Info  - 15:19:57.750] Stored 1 sessions!
[Info  - 15:19:57.750] Login success!
[Info  - 15:19:57.783] Getting sessions for user:email...
[Trace  - 15:19:57.783] Token acquired from secret storage.
[Info  - 15:19:57.783] Got stored sessions!
[Trace  - 15:19:57.784] Read the following session from the keychain with the following scopes: repo workflow
[Info  - 15:19:57.785] Got 1 verified sessions.
[Info  - 15:19:57.786] Got 0 sessions for user:email...
