[2022-02-16T23:18:09.095Z] Validating found git in: git
[2022-02-16T23:18:09.234Z] Using git 2.20.1 from git
[2022-02-16T23:18:53.450Z] > git rev-parse --git-dir [6ms]
[2022-02-16T23:18:53.486Z] Open repository: /home/amarafavour022/alx-pre_course
[2022-02-16T23:18:53.543Z] > git symbolic-ref --short HEAD [5ms]
[2022-02-16T23:18:53.570Z] > git for-each-ref --format=%(refname)%00%(upstream:short)%00%(objectname)%00%(upstream:track) refs/heads/master refs/remotes/master [4ms]
[2022-02-16T23:18:53.619Z] > git remote --verbose [9ms]
[2022-02-16T23:18:53.620Z] > git for-each-ref --sort -committerdate --format %(refname) %(objectname) %(*objectname) [29ms]
[2022-02-16T23:18:53.650Z] > git config --get commit.template [4ms]
[2022-02-16T23:21:32.245Z] > git ls-files --stage -- /home/amarafavour022/alx-pre_course/README.md [72ms]
[2022-02-16T23:21:32.331Z] > git symbolic-ref --short HEAD [251ms]
[2022-02-16T23:21:32.428Z] > git for-each-ref --format=%(refname)%00%(upstream:short)%00%(objectname)%00%(upstream:track) refs/heads/master refs/remotes/master [60ms]
[2022-02-16T23:21:32.490Z] > git remote --verbose [12ms]
[2022-02-16T23:21:32.492Z] > git for-each-ref --sort -committerdate --format %(refname) %(objectname) %(*objectname) [37ms]
[2022-02-16T23:21:32.555Z] > git config --get commit.template [10ms]
[2022-02-16T23:22:28.485Z] > git symbolic-ref --short HEAD [4ms]
[2022-02-16T23:22:28.506Z] > git for-each-ref --format=%(refname)%00%(upstream:short)%00%(objectname)%00%(upstream:track) refs/heads/master refs/remotes/master [5ms]
[2022-02-16T23:22:28.543Z] > git for-each-ref --sort -committerdate --format %(refname) %(objectname) %(*objectname) [20ms]
[2022-02-16T23:22:28.545Z] > git remote --verbose [5ms]
[2022-02-16T23:22:28.574Z] > git config --get commit.template [4ms]
[2022-02-16T23:23:09.963Z] > git symbolic-ref --short HEAD [8ms]
[2022-02-16T23:23:09.997Z] > git for-each-ref --format=%(refname)%00%(upstream:short)%00%(objectname)%00%(upstream:track) refs/heads/master refs/remotes/master [6ms]
[2022-02-16T23:23:10.064Z] > git for-each-ref --sort -committerdate --format %(refname) %(objectname) %(*objectname) [48ms]
[2022-02-16T23:23:10.067Z] > git ls-files --stage -- /home/amarafavour022/alx-pre_course/README.md [5ms]
[2022-02-16T23:23:10.087Z] > git remote --verbose [49ms]
[2022-02-16T23:23:10.119Z] > git cat-file -s f5e9e393cb4c4c50a7f654ed52a98ca715c99e3e [32ms]
[2022-02-16T23:23:10.123Z] > git config --get commit.template [7ms]
[2022-02-16T23:34:13.892Z] > git symbolic-ref --short HEAD [3ms]
[2022-02-16T23:34:13.917Z] > git for-each-ref --format=%(refname)%00%(upstream:short)%00%(objectname)%00%(upstream:track) refs/heads/master refs/remotes/master [7ms]
[2022-02-16T23:34:13.974Z] > git remote --verbose [12ms]
[2022-02-16T23:34:13.976Z] > git for-each-ref --sort -committerdate --format %(refname) %(objectname) %(*objectname) [41ms]
[2022-02-16T23:34:14.028Z] > git config --get commit.template [27ms]
[2022-02-16T23:34:14.031Z] > git ls-files --stage -- /home/amarafavour022/alx-pre_course/README.md [9ms]
[2022-02-16T23:34:14.055Z] > git cat-file -s f5e9e393cb4c4c50a7f654ed52a98ca715c99e3e [6ms]
[2022-02-16T23:36:26.435Z] > git symbolic-ref --short HEAD [11ms]
[2022-02-16T23:36:26.477Z] > git for-each-ref --format=%(refname)%00%(upstream:short)%00%(objectname)%00%(upstream:track) refs/heads/main refs/remotes/main [11ms]
[2022-02-16T23:36:26.567Z] > git for-each-ref --sort -committerdate --format %(refname) %(objectname) %(*objectname) [62ms]
[2022-02-16T23:36:26.572Z] > git ls-files --stage -- /home/amarafavour022/alx-pre_course/README.md [9ms]
[2022-02-16T23:36:26.592Z] > git remote --verbose [61ms]
[2022-02-16T23:36:26.621Z] > git cat-file -s f5e9e393cb4c4c50a7f654ed52a98ca715c99e3e [30ms]
[2022-02-16T23:36:26.624Z] > git config --get commit.template [7ms]
[2022-02-16T23:42:36.951Z] > git symbolic-ref --short HEAD [14ms]
[2022-02-16T23:42:36.976Z] > git for-each-ref --format=%(refname)%00%(upstream:short)%00%(objectname)%00%(upstream:track) refs/heads/main refs/remotes/main [4ms]
[2022-02-16T23:42:37.015Z] > git remote --verbose [4ms]
[2022-02-16T23:42:37.018Z] > git for-each-ref --sort -committerdate --format %(refname) %(objectname) %(*objectname) [24ms]
[2022-02-16T23:42:37.043Z] > git config --get commit.template [4ms]
[2022-02-16T23:42:37.089Z] > git ls-files --stage -- /home/amarafavour022/alx-pre_course/README.md [8ms]
[2022-02-16T23:42:37.122Z] > git cat-file -s f5e9e393cb4c4c50a7f654ed52a98ca715c99e3e [7ms]
[2022-02-16T23:45:43.190Z] > git symbolic-ref --short HEAD [4ms]
[2022-02-16T23:45:43.222Z] > git for-each-ref --format=%(refname)%00%(upstream:short)%00%(objectname)%00%(upstream:track) refs/heads/main refs/remotes/main [7ms]
[2022-02-16T23:45:43.269Z] > git for-each-ref --sort -committerdate --format %(refname) %(objectname) %(*objectname) [23ms]
[2022-02-16T23:45:43.278Z] > git remote --verbose [13ms]
[2022-02-16T23:45:43.320Z] > git config --get commit.template [4ms]
[2022-02-16T23:46:26.184Z] > git ls-files --stage -- /home/amarafavour022/alx-pre_course/0x01-git/README.md [5ms]
[2022-02-16T23:46:26.670Z] > git symbolic-ref --short HEAD [3ms]
[2022-02-16T23:46:26.692Z] > git for-each-ref --format=%(refname)%00%(upstream:short)%00%(objectname)%00%(upstream:track) refs/heads/main refs/remotes/main [5ms]
[2022-02-16T23:46:26.747Z] > git for-each-ref --sort -committerdate --format %(refname) %(objectname) %(*objectname) [33ms]
[2022-02-16T23:46:26.750Z] > git remote --verbose [9ms]
[2022-02-16T23:46:26.786Z] > git config --get commit.template [5ms]
[2022-02-16T23:47:59.235Z] > git symbolic-ref --short HEAD [4ms]
[2022-02-16T23:47:59.258Z] > git for-each-ref --format=%(refname)%00%(upstream:short)%00%(objectname)%00%(upstream:track) refs/heads/main refs/remotes/main [4ms]
[2022-02-16T23:47:59.302Z] > git for-each-ref --sort -committerdate --format %(refname) %(objectname) %(*objectname) [25ms]
[2022-02-16T23:47:59.303Z] > git remote --verbose [7ms]
[2022-02-16T23:47:59.338Z] > git config --get commit.template [9ms]
[2022-02-16T23:49:01.079Z] > git symbolic-ref --short HEAD [7ms]
[2022-02-16T23:49:01.101Z] > git for-each-ref --format=%(refname)%00%(upstream:short)%00%(objectname)%00%(upstream:track) refs/heads/main refs/remotes/main [4ms]
[2022-02-16T23:49:01.147Z] > git remote --verbose [9ms]
[2022-02-16T23:49:01.149Z] > git for-each-ref --sort -committerdate --format %(refname) %(objectname) %(*objectname) [28ms]
[2022-02-16T23:49:01.182Z] > git config --get commit.template [4ms]
[2022-02-16T23:49:01.223Z] > git ls-files --stage -- /home/amarafavour022/alx-pre_course/0x01-git/README.md [5ms]
[2022-02-16T23:49:01.246Z] > git cat-file -s bd079ca72f82eaed6332d9ec7013945427a19b1f [5ms]
[2022-02-16T23:50:06.155Z] > git symbolic-ref --short HEAD [9ms]
[2022-02-16T23:50:06.192Z] > git for-each-ref --format=%(refname)%00%(upstream:short)%00%(objectname)%00%(upstream:track) refs/heads/main refs/remotes/main [8ms]
[2022-02-16T23:50:06.281Z] > git for-each-ref --sort -committerdate --format %(refname) %(objectname) %(*objectname) [61ms]
[2022-02-16T23:50:06.283Z] > git ls-files --stage -- /home/amarafavour022/alx-pre_course/0x01-git/README.md [8ms]
[2022-02-16T23:50:06.301Z] > git remote --verbose [55ms]
[2022-02-16T23:50:06.327Z] > git cat-file -s bd079ca72f82eaed6332d9ec7013945427a19b1f [26ms]
[2022-02-16T23:50:06.330Z] > git config --get commit.template [5ms]
[2022-02-16T23:55:00.944Z] > git symbolic-ref --short HEAD [4ms]
[2022-02-16T23:55:00.966Z] > git for-each-ref --format=%(refname)%00%(upstream:short)%00%(objectname)%00%(upstream:track) refs/heads/main refs/remotes/main [5ms]
[2022-02-16T23:55:01.006Z] > git for-each-ref --sort -committerdate --format %(refname) %(objectname) %(*objectname) [22ms]
[2022-02-16T23:55:01.008Z] > git remote --verbose [6ms]
[2022-02-16T23:55:01.039Z] > git config --get commit.template [6ms]
[2022-02-16T23:55:08.385Z] > git symbolic-ref --short HEAD [4ms]
[2022-02-16T23:55:08.422Z] > git for-each-ref --format=%(refname)%00%(upstream:short)%00%(objectname)%00%(upstream:track) refs/heads/main refs/remotes/main [12ms]
[2022-02-16T23:55:08.479Z] > git for-each-ref --sort -committerdate --format %(refname) %(objectname) %(*objectname) [33ms]
[2022-02-16T23:55:08.480Z] > git remote --verbose [7ms]
[2022-02-16T23:55:08.512Z] > git config --get commit.template [3ms]
[2022-02-16T23:55:15.315Z] > git symbolic-ref --short HEAD [10ms]
[2022-02-16T23:55:15.358Z] > git for-each-ref --format=%(refname)%00%(upstream:short)%00%(objectname)%00%(upstream:track) refs/heads/main refs/remotes/main [9ms]
[2022-02-16T23:55:15.400Z] > git remote --verbose [5ms]
[2022-02-16T23:55:15.401Z] > git for-each-ref --sort -committerdate --format %(refname) %(objectname) %(*objectname) [24ms]
[2022-02-16T23:55:15.432Z] > git config --get commit.template [4ms]
[2022-02-16T23:55:46.585Z] > git ls-files --stage -- /home/amarafavour022/alx-pre_course/c/c_is_fun.c [8ms]
[2022-02-16T23:55:47.151Z] > git symbolic-ref --short HEAD [8ms]
[2022-02-16T23:55:47.187Z] > git for-each-ref --format=%(refname)%00%(upstream:short)%00%(objectname)%00%(upstream:track) refs/heads/main refs/remotes/main [8ms]
[2022-02-16T23:55:47.225Z] > git for-each-ref --sort -committerdate --format %(refname) %(objectname) %(*objectname) [20ms]
[2022-02-16T23:55:47.227Z] > git remote --verbose [5ms]
[2022-02-16T23:55:47.254Z] > git config --get commit.template [4ms]
[2022-02-16T23:56:12.462Z] > git symbolic-ref --short HEAD [158ms]
[2022-02-16T23:56:12.507Z] > git for-each-ref --format=%(refname)%00%(upstream:short)%00%(objectname)%00%(upstream:track) refs/heads/main refs/remotes/main [19ms]
[2022-02-16T23:56:12.896Z] > git remote --verbose [241ms]
[2022-02-16T23:56:12.897Z] > git for-each-ref --sort -committerdate --format %(refname) %(objectname) %(*objectname) [346ms]
[2022-02-16T23:56:13.024Z] > git ls-files --stage -- /home/amarafavour022/alx-pre_course/js/main.js [164ms]
[2022-02-16T23:56:13.084Z] > git config --get commit.template [62ms]
[2022-02-16T23:56:32.249Z] > git ls-files --stage -- /home/amarafavour022/alx-pre_course/js/index.js [10ms]
[2022-02-16T23:56:32.844Z] > git symbolic-ref --short HEAD [11ms]
[2022-02-16T23:56:32.871Z] > git for-each-ref --format=%(refname)%00%(upstream:short)%00%(objectname)%00%(upstream:track) refs/heads/main refs/remotes/main [4ms]
[2022-02-16T23:56:32.911Z] > git for-each-ref --sort -committerdate --format %(refname) %(objectname) %(*objectname) [21ms]
[2022-02-16T23:56:32.913Z] > git remote --verbose [6ms]
[2022-02-16T23:56:32.944Z] > git config --get commit.template [5ms]
[2022-02-16T23:57:12.188Z] > git ls-files --stage -- /home/amarafavour022/alx-pre_course/bash/alx [8ms]
[2022-02-16T23:57:12.702Z] > git symbolic-ref --short HEAD [7ms]
[2022-02-16T23:57:12.737Z] > git for-each-ref --format=%(refname)%00%(upstream:short)%00%(objectname)%00%(upstream:track) refs/heads/main refs/remotes/main [8ms]
[2022-02-16T23:57:12.787Z] > git for-each-ref --sort -committerdate --format %(refname) %(objectname) %(*objectname) [29ms]
[2022-02-16T23:57:12.789Z] > git remote --verbose [6ms]
[2022-02-16T23:57:12.820Z] > git config --get commit.template [8ms]
[2022-02-16T23:58:36.457Z] > git symbolic-ref --short HEAD [4ms]
[2022-02-16T23:58:36.480Z] > git for-each-ref --format=%(refname)%00%(upstream:short)%00%(objectname)%00%(upstream:track) refs/heads/main refs/remotes/main [4ms]
[2022-02-16T23:58:36.523Z] > git for-each-ref --sort -committerdate --format %(refname) %(objectname) %(*objectname) [24ms]
[2022-02-16T23:58:36.526Z] > git remote --verbose [7ms]
[2022-02-16T23:58:36.565Z] > git config --get commit.template [4ms]
[2022-02-16T23:58:54.420Z] > git ls-files --stage -- /home/amarafavour022/alx-pre_course/bash/school [28ms]
[2022-02-16T23:58:54.866Z] > git symbolic-ref --short HEAD [4ms]
[2022-02-16T23:58:54.891Z] > git for-each-ref --format=%(refname)%00%(upstream:short)%00%(objectname)%00%(upstream:track) refs/heads/main refs/remotes/main [5ms]
[2022-02-16T23:58:54.948Z] > git for-each-ref --sort -committerdate --format %(refname) %(objectname) %(*objectname) [35ms]
[2022-02-16T23:58:54.959Z] > git remote --verbose [15ms]
[2022-02-16T23:58:54.995Z] > git config --get commit.template [9ms]
[2022-02-16T23:59:35.697Z] > git ls-files --stage -- /home/amarafavour022/alx-pre_course/bash/alx [5ms]
[2022-02-16T23:59:50.075Z] > git ls-files --stage -- /home/amarafavour022/alx-pre_course/bash/school [5ms]
[2022-02-17T00:00:13.707Z] > git symbolic-ref --short HEAD [4ms]
[2022-02-17T00:00:13.730Z] > git for-each-ref --format=%(refname)%00%(upstream:short)%00%(objectname)%00%(upstream:track) refs/heads/main refs/remotes/main [5ms]
[2022-02-17T00:00:13.772Z] > git for-each-ref --sort -committerdate --format %(refname) %(objectname) %(*objectname) [24ms]
[2022-02-17T00:00:13.773Z] > git remote --verbose [6ms]
[2022-02-17T00:00:13.806Z] > git config --get commit.template [8ms]
[2022-02-17T00:00:50.660Z] > git symbolic-ref --short HEAD [4ms]
[2022-02-17T00:00:50.683Z] > git for-each-ref --format=%(refname)%00%(upstream:short)%00%(objectname)%00%(upstream:track) refs/heads/main refs/remotes/main [5ms]
[2022-02-17T00:00:50.733Z] > git remote --verbose [10ms]
[2022-02-17T00:00:50.734Z] > git for-each-ref --sort -committerdate --format %(refname) %(objectname) %(*objectname) [31ms]
[2022-02-17T00:00:50.770Z] > git config --get commit.template [4ms]
[2022-02-17T00:00:50.813Z] > git ls-files --stage -- /home/amarafavour022/alx-pre_course/bash/school [5ms]
[2022-02-17T00:00:50.855Z] > git cat-file -s 3cef21f489228b4822295c45d5f1f459e3314a88 [20ms]
[2022-02-17T00:02:21.213Z] > git symbolic-ref --short HEAD [13ms]
[2022-02-17T00:02:21.256Z] > git for-each-ref --format=%(refname)%00%(upstream:short)%00%(objectname)%00%(upstream:track) refs/heads/main refs/remotes/main [13ms]
[2022-02-17T00:02:21.341Z] > git for-each-ref --sort -committerdate --format %(refname) %(objectname) %(*objectname) [53ms]
[2022-02-17T00:02:21.345Z] > git ls-files --stage -- /home/amarafavour022/alx-pre_course/bash/school [12ms]
[2022-02-17T00:02:21.366Z] > git remote --verbose [57ms]
[2022-02-17T00:02:21.402Z] > git cat-file -s 3cef21f489228b4822295c45d5f1f459e3314a88 [37ms]
[2022-02-17T00:02:21.405Z] > git config --get commit.template [6ms]
