[Info  - 23:18:10.954] Reading sessions from keychain...
[Info  - 23:18:11.39] Getting sessions for user:email...
[Info  - 23:18:11.40] Got 0 sessions for user:email...
[Info  - 23:18:11.80] Getting sessions for all scopes...
[Info  - 23:18:11.81] Got 0 sessions for ...
[Info  - 23:42:58.759] Getting sessions for repo,workflow...
[Info  - 23:42:58.760] Got 0 sessions for repo,workflow...
[Info  - 23:43:03.699] Logging in for the following scopes: repo workflow
[Trace  - 23:43:21.865] Handling Uri...
[Info  - 23:43:21.866] Exchanging code for token...
[Info  - 23:43:23.247] Token exchange success!
[Info  - 23:43:23.252] Getting user info...
[Info  - 23:43:24.482] Got account info!
[Info  - 23:43:24.483] Storing 1 sessions...
[Info  - 23:43:24.535] Reading sessions from keychain...
[Info  - 23:43:24.536] Stored 1 sessions!
[Info  - 23:43:24.537] Login success!
[Trace  - 23:43:24.560] Token acquired from secret storage.
[Info  - 23:43:24.560] Got stored sessions!
[Trace  - 23:43:24.560] Read the following session from the keychain with the following scopes: repo workflow
[Info  - 23:43:24.562] Got 1 verified sessions.
[Info  - 23:43:24.563] Getting sessions for user:email...
[Info  - 23:43:24.564] Got 0 sessions for user:email...
[Info  - 23:50:45.957] Getting sessions for repo,workflow...
[Info  - 23:50:45.958] Got 1 sessions for repo,workflow...
[Info  - 00:05:49.575] Getting sessions for repo,workflow...
[Info  - 00:05:49.576] Got 1 sessions for repo,workflow...
