[2022-02-16T22:32:20.704Z] Validating found git in: git
[2022-02-16T22:32:21.054Z] Using git 2.20.1 from git
[2022-02-16T22:33:32.736Z] > git rev-parse --git-dir [4ms]
[2022-02-16T22:33:32.761Z] Open repository: /home/amarafavour022/alx-pre_course
[2022-02-16T22:33:32.817Z] > git symbolic-ref --short HEAD [5ms]
[2022-02-16T22:33:32.855Z] > git for-each-ref --format=%(refname)%00%(upstream:short)%00%(objectname)%00%(upstream:track) refs/heads/master refs/remotes/master [21ms]
[2022-02-16T22:33:32.904Z] > git remote --verbose [16ms]
[2022-02-16T22:33:32.905Z] > git for-each-ref --sort -committerdate --format %(refname) %(objectname) %(*objectname) [33ms]
[2022-02-16T22:33:32.940Z] > git config --get commit.template [5ms]
[2022-02-16T22:38:59.656Z] > git symbolic-ref --short HEAD [8ms]
[2022-02-16T22:38:59.680Z] > git for-each-ref --format=%(refname)%00%(upstream:short)%00%(objectname)%00%(upstream:track) refs/heads/master refs/remotes/master [5ms]
[2022-02-16T22:38:59.724Z] > git remote --verbose [9ms]
[2022-02-16T22:38:59.727Z] > git for-each-ref --sort -committerdate --format %(refname) %(objectname) %(*objectname) [28ms]
[2022-02-16T22:38:59.768Z] > git config --get commit.template [5ms]
[2022-02-16T22:39:49.793Z] > git symbolic-ref --short HEAD [13ms]
[2022-02-16T22:39:49.818Z] > git for-each-ref --format=%(refname)%00%(upstream:short)%00%(objectname)%00%(upstream:track) refs/heads/master refs/remotes/master [8ms]
[2022-02-16T22:39:49.883Z] > git for-each-ref --sort -committerdate --format %(refname) %(objectname) %(*objectname) [43ms]
[2022-02-16T22:39:49.891Z] > git remote --verbose [13ms]
[2022-02-16T22:39:49.955Z] > git config --get commit.template [7ms]
[2022-02-16T22:39:50.764Z] > git ls-files --stage -- /home/amarafavour022/alx-pre_course/README.md [46ms]
[2022-02-16T22:40:57.331Z] > git symbolic-ref --short HEAD [9ms]
[2022-02-16T22:40:57.360Z] > git for-each-ref --format=%(refname)%00%(upstream:short)%00%(objectname)%00%(upstream:track) refs/heads/master refs/remotes/master [5ms]
[2022-02-16T22:40:57.408Z] > git remote --verbose [7ms]
[2022-02-16T22:40:57.410Z] > git for-each-ref --sort -committerdate --format %(refname) %(objectname) %(*objectname) [33ms]
[2022-02-16T22:40:57.440Z] > git config --get commit.template [8ms]
[2022-02-16T22:44:11.384Z] > git symbolic-ref --short HEAD [5ms]
[2022-02-16T22:44:11.407Z] > git for-each-ref --format=%(refname)%00%(upstream:short)%00%(objectname)%00%(upstream:track) refs/heads/master refs/remotes/master [4ms]
[2022-02-16T22:44:11.450Z] > git remote --verbose [8ms]
[2022-02-16T22:44:11.451Z] > git for-each-ref --sort -committerdate --format %(refname) %(objectname) %(*objectname) [26ms]
[2022-02-16T22:44:11.483Z] > git config --get commit.template [8ms]
[2022-02-16T22:45:28.609Z] > git symbolic-ref --short HEAD [5ms]
[2022-02-16T22:45:28.630Z] > git for-each-ref --format=%(refname)%00%(upstream:short)%00%(objectname)%00%(upstream:track) refs/heads/master refs/remotes/master [4ms]
[2022-02-16T22:45:28.664Z] > git for-each-ref --sort -committerdate --format %(refname) %(objectname) %(*objectname) [18ms]
[2022-02-16T22:45:28.666Z] > git remote --verbose [5ms]
[2022-02-16T22:45:28.708Z] > git config --get commit.template [8ms]
[2022-02-16T22:45:37.967Z] > git symbolic-ref --short HEAD [9ms]
[2022-02-16T22:45:37.999Z] > git for-each-ref --format=%(refname)%00%(upstream:short)%00%(objectname)%00%(upstream:track) refs/heads/master refs/remotes/master [7ms]
[2022-02-16T22:45:38.043Z] > git remote --verbose [7ms]
[2022-02-16T22:45:38.044Z] > git for-each-ref --sort -committerdate --format %(refname) %(objectname) %(*objectname) [23ms]
[2022-02-16T22:45:38.072Z] > git config --get commit.template [5ms]
[2022-02-16T22:45:38.118Z] > git ls-files --stage -- /home/amarafavour022/alx-pre_course/README.md [5ms]
[2022-02-16T22:45:38.141Z] > git cat-file -s a9913daf781e9a27c34f3e41e53bcb3ed00d1438 [4ms]
[2022-02-16T22:50:13.106Z] > git ls-files --stage -- /home/amarafavour022/alx-pre_course/README.md [5ms]
[2022-02-16T22:50:13.125Z] > git symbolic-ref --short HEAD [50ms]
[2022-02-16T22:50:13.146Z] > git cat-file -s a9913daf781e9a27c34f3e41e53bcb3ed00d1438 [22ms]
[2022-02-16T22:50:13.149Z] > git for-each-ref --format=%(refname)%00%(upstream:short)%00%(objectname)%00%(upstream:track) refs/heads/master refs/remotes/master [6ms]
[2022-02-16T22:50:13.223Z] > git remote --verbose [44ms]
[2022-02-16T22:50:13.224Z] > git for-each-ref --sort -committerdate --format %(refname) %(objectname) %(*objectname) [60ms]
[2022-02-16T22:50:13.258Z] > git config --get commit.template [7ms]
[2022-02-16T22:50:30.162Z] > git symbolic-ref --short HEAD [5ms]
[2022-02-16T22:50:30.182Z] > git for-each-ref --format=%(refname)%00%(upstream:short)%00%(objectname)%00%(upstream:track) refs/heads/master refs/remotes/master [4ms]
[2022-02-16T22:50:30.233Z] > git for-each-ref --sort -committerdate --format %(refname) %(objectname) %(*objectname) [31ms]
[2022-02-16T22:50:30.255Z] > git remote --verbose [32ms]
[2022-02-16T22:50:30.317Z] > git ls-files --stage -- /home/amarafavour022/alx-pre_course/README.md [23ms]
[2022-02-16T22:50:30.336Z] > git config --get commit.template [22ms]
[2022-02-16T22:50:30.339Z] > git cat-file -s a9913daf781e9a27c34f3e41e53bcb3ed00d1438 [4ms]
[2022-02-16T22:53:20.865Z] > git symbolic-ref --short HEAD [8ms]
[2022-02-16T22:53:20.898Z] > git for-each-ref --format=%(refname)%00%(upstream:short)%00%(objectname)%00%(upstream:track) refs/heads/test refs/remotes/test [8ms]
[2022-02-16T22:53:20.982Z] > git for-each-ref --sort -committerdate --format %(refname) %(objectname) %(*objectname) [57ms]
[2022-02-16T22:53:20.986Z] > git ls-files --stage -- /home/amarafavour022/alx-pre_course/README.md [8ms]
[2022-02-16T22:53:21.010Z] > git remote --verbose [62ms]
[2022-02-16T22:53:21.038Z] > git cat-file -s a9913daf781e9a27c34f3e41e53bcb3ed00d1438 [29ms]
[2022-02-16T22:53:21.042Z] > git config --get commit.template [6ms]
[2022-02-16T22:53:36.580Z] > git symbolic-ref --short HEAD [7ms]
[2022-02-16T22:53:36.602Z] > git for-each-ref --format=%(refname)%00%(upstream:short)%00%(objectname)%00%(upstream:track) refs/heads/master refs/remotes/master [6ms]
[2022-02-16T22:53:36.641Z] > git remote --verbose [8ms]
[2022-02-16T22:53:36.642Z] > git for-each-ref --sort -committerdate --format %(refname) %(objectname) %(*objectname) [24ms]
[2022-02-16T22:53:36.668Z] > git config --get commit.template [4ms]
[2022-02-16T22:53:36.698Z] > git ls-files --stage -- /home/amarafavour022/alx-pre_course/README.md [4ms]
[2022-02-16T22:53:36.720Z] > git cat-file -s a9913daf781e9a27c34f3e41e53bcb3ed00d1438 [6ms]
[2022-02-16T22:53:44.154Z] > git symbolic-ref --short HEAD [7ms]
[2022-02-16T22:53:44.185Z] > git for-each-ref --format=%(refname)%00%(upstream:short)%00%(objectname)%00%(upstream:track) refs/heads/master refs/remotes/master [5ms]
[2022-02-16T22:53:44.226Z] > git remote --verbose [6ms]
[2022-02-16T22:53:44.227Z] > git for-each-ref --sort -committerdate --format %(refname) %(objectname) %(*objectname) [24ms]
[2022-02-16T22:53:44.273Z] > git config --get commit.template [22ms]
[2022-02-16T22:53:44.276Z] > git ls-files --stage -- /home/amarafavour022/alx-pre_course/README.md [6ms]
[2022-02-16T22:53:44.296Z] > git cat-file -s a9913daf781e9a27c34f3e41e53bcb3ed00d1438 [4ms]
[2022-02-16T22:55:12.149Z] > git symbolic-ref --short HEAD [6ms]
[2022-02-16T22:55:12.171Z] > git for-each-ref --format=%(refname)%00%(upstream:short)%00%(objectname)%00%(upstream:track) refs/heads/main refs/remotes/main [7ms]
[2022-02-16T22:55:12.210Z] > git for-each-ref --sort -committerdate --format %(refname) %(objectname) %(*objectname) [23ms]
[2022-02-16T22:55:12.213Z] > git remote --verbose [10ms]
[2022-02-16T22:55:12.260Z] > git config --get commit.template [22ms]
[2022-02-16T22:55:12.263Z] > git ls-files --stage -- /home/amarafavour022/alx-pre_course/README.md [6ms]
[2022-02-16T22:55:12.287Z] > git cat-file -s a9913daf781e9a27c34f3e41e53bcb3ed00d1438 [4ms]
[2022-02-16T22:56:07.109Z] > git symbolic-ref --short HEAD [4ms]
[2022-02-16T22:56:07.132Z] > git for-each-ref --format=%(refname)%00%(upstream:short)%00%(objectname)%00%(upstream:track) refs/heads/main refs/remotes/main [5ms]
[2022-02-16T22:56:07.181Z] > git remote --verbose [6ms]
[2022-02-16T22:56:07.182Z] > git for-each-ref --sort -committerdate --format %(refname) %(objectname) %(*objectname) [33ms]
[2022-02-16T22:56:07.222Z] > git config --get commit.template [5ms]
[2022-02-16T22:56:07.306Z] > git ls-files --stage -- /home/amarafavour022/alx-pre_course/README.md [5ms]
[2022-02-16T22:56:07.329Z] > git cat-file -s a9913daf781e9a27c34f3e41e53bcb3ed00d1438 [5ms]
[2022-02-16T22:57:33.671Z] > git symbolic-ref --short HEAD [6ms]
[2022-02-16T22:57:33.704Z] > git for-each-ref --format=%(refname)%00%(upstream:short)%00%(objectname)%00%(upstream:track) refs/heads/main refs/remotes/main [11ms]
[2022-02-16T22:57:33.764Z] > git for-each-ref --sort -committerdate --format %(refname) %(objectname) %(*objectname) [26ms]
[2022-02-16T22:57:33.771Z] > git remote --verbose [12ms]
[2022-02-16T22:57:33.811Z] > git config --get commit.template [4ms]
[2022-02-16T22:57:39.528Z] > git ls-files --stage -- /home/amarafavour022/alx-pre_course/index.html [16ms]
[2022-02-16T22:57:40.256Z] > git symbolic-ref --short HEAD [12ms]
[2022-02-16T22:57:40.309Z] > git for-each-ref --format=%(refname)%00%(upstream:short)%00%(objectname)%00%(upstream:track) refs/heads/main refs/remotes/main [8ms]
[2022-02-16T22:57:40.384Z] > git for-each-ref --sort -committerdate --format %(refname) %(objectname) %(*objectname) [49ms]
[2022-02-16T22:57:40.414Z] > git remote --verbose [50ms]
[2022-02-16T22:57:40.491Z] > git config --get commit.template [15ms]
[2022-02-16T22:57:48.873Z] > git symbolic-ref --short HEAD [11ms]
[2022-02-16T22:57:48.899Z] > git for-each-ref --format=%(refname)%00%(upstream:short)%00%(objectname)%00%(upstream:track) refs/heads/main refs/remotes/main [6ms]
[2022-02-16T22:57:48.940Z] > git for-each-ref --sort -committerdate --format %(refname) %(objectname) %(*objectname) [22ms]
[2022-02-16T22:57:48.943Z] > git remote --verbose [8ms]
[2022-02-16T22:57:48.973Z] > git config --get commit.template [5ms]
[2022-02-16T22:57:57.286Z] > git symbolic-ref --short HEAD [10ms]
[2022-02-16T22:57:57.322Z] > git for-each-ref --format=%(refname)%00%(upstream:short)%00%(objectname)%00%(upstream:track) refs/heads/main refs/remotes/main [9ms]
[2022-02-16T22:57:57.361Z] > git remote --verbose [6ms]
[2022-02-16T22:57:57.362Z] > git for-each-ref --sort -committerdate --format %(refname) %(objectname) %(*objectname) [23ms]
[2022-02-16T22:57:57.391Z] > git config --get commit.template [5ms]
[2022-02-16T22:57:57.428Z] > git ls-files --stage -- /home/amarafavour022/alx-pre_course/index.html [5ms]
[2022-02-16T22:57:57.451Z] > git cat-file -s 61168280f59c0a6d33163d2aef5fe8b6b40021c1 [4ms]
[2022-02-16T22:58:25.504Z] > git symbolic-ref --short HEAD [9ms]
[2022-02-16T22:58:25.529Z] > git for-each-ref --format=%(refname)%00%(upstream:short)%00%(objectname)%00%(upstream:track) refs/heads/main refs/remotes/main [6ms]
[2022-02-16T22:58:25.574Z] > git remote --verbose [10ms]
[2022-02-16T22:58:25.575Z] > git for-each-ref --sort -committerdate --format %(refname) %(objectname) %(*objectname) [28ms]
[2022-02-16T22:58:25.610Z] > git config --get commit.template [4ms]
[2022-02-16T22:58:25.784Z] > git ls-files --stage -- /home/amarafavour022/alx-pre_course/index.html [6ms]
[2022-02-16T22:58:25.825Z] > git cat-file -s 61168280f59c0a6d33163d2aef5fe8b6b40021c1 [10ms]
[2022-02-16T23:06:15.554Z] > git symbolic-ref --short HEAD [4ms]
[2022-02-16T23:06:15.577Z] > git for-each-ref --format=%(refname)%00%(upstream:short)%00%(objectname)%00%(upstream:track) refs/heads/style refs/remotes/style [6ms]
[2022-02-16T23:06:15.627Z] > git remote --verbose [13ms]
[2022-02-16T23:06:15.630Z] > git for-each-ref --sort -committerdate --format %(refname) %(objectname) %(*objectname) [35ms]
[2022-02-16T23:06:15.664Z] > git config --get commit.template [4ms]
[2022-02-16T23:06:15.697Z] > git ls-files --stage -- /home/amarafavour022/alx-pre_course/index.html [5ms]
[2022-02-16T23:06:15.721Z] > git cat-file -s 61168280f59c0a6d33163d2aef5fe8b6b40021c1 [4ms]
[2022-02-16T23:06:27.433Z] > git symbolic-ref --short HEAD [5ms]
[2022-02-16T23:06:27.455Z] > git for-each-ref --format=%(refname)%00%(upstream:short)%00%(objectname)%00%(upstream:track) refs/heads/main refs/remotes/main [4ms]
[2022-02-16T23:06:27.512Z] > git for-each-ref --sort -committerdate --format %(refname) %(objectname) %(*objectname) [38ms]
[2022-02-16T23:06:27.516Z] > git remote --verbose [17ms]
[2022-02-16T23:06:27.584Z] > git ls-files --stage -- /home/amarafavour022/alx-pre_course/index.html [5ms]
[2022-02-16T23:06:27.602Z] > git config --get commit.template [52ms]
[2022-02-16T23:06:27.608Z] > git cat-file -s 61168280f59c0a6d33163d2aef5fe8b6b40021c1 [7ms]
[2022-02-16T23:06:38.968Z] > git symbolic-ref --short HEAD [6ms]
[2022-02-16T23:06:39.003Z] > git for-each-ref --format=%(refname)%00%(upstream:short)%00%(objectname)%00%(upstream:track) refs/heads/style refs/remotes/style [8ms]
[2022-02-16T23:06:39.066Z] > git remote --verbose [10ms]
[2022-02-16T23:06:39.068Z] > git for-each-ref --sort -committerdate --format %(refname) %(objectname) %(*objectname) [37ms]
[2022-02-16T23:06:39.106Z] > git config --get commit.template [4ms]
[2022-02-16T23:06:39.137Z] > git ls-files --stage -- /home/amarafavour022/alx-pre_course/index.html [9ms]
[2022-02-16T23:06:39.159Z] > git cat-file -s 61168280f59c0a6d33163d2aef5fe8b6b40021c1 [4ms]
[2022-02-16T23:06:55.057Z] > git ls-files --stage -- /home/amarafavour022/alx-pre_course/style.css [188ms]
[2022-02-16T23:06:55.230Z] > git symbolic-ref --short HEAD [6ms]
[2022-02-16T23:06:55.258Z] > git for-each-ref --format=%(refname)%00%(upstream:short)%00%(objectname)%00%(upstream:track) refs/heads/style refs/remotes/style [6ms]
[2022-02-16T23:06:55.321Z] > git remote --verbose [16ms]
[2022-02-16T23:06:55.322Z] > git for-each-ref --sort -committerdate --format %(refname) %(objectname) %(*objectname) [36ms]
[2022-02-16T23:06:55.351Z] > git config --get commit.template [4ms]
[2022-02-16T23:06:57.426Z] > git ls-files --stage -- /home/amarafavour022/alx-pre_course/index.html [5ms]
[2022-02-16T23:06:57.451Z] > git cat-file -s 61168280f59c0a6d33163d2aef5fe8b6b40021c1 [5ms]
[2022-02-16T23:07:06.380Z] > git symbolic-ref --short HEAD [5ms]
[2022-02-16T23:07:06.404Z] > git for-each-ref --format=%(refname)%00%(upstream:short)%00%(objectname)%00%(upstream:track) refs/heads/style refs/remotes/style [5ms]
[2022-02-16T23:07:06.447Z] > git for-each-ref --sort -committerdate --format %(refname) %(objectname) %(*objectname) [25ms]
[2022-02-16T23:07:06.449Z] > git remote --verbose [8ms]
[2022-02-16T23:07:06.482Z] > git config --get commit.template [4ms]
[2022-02-16T23:07:16.688Z] > git symbolic-ref --short HEAD [7ms]
[2022-02-16T23:07:16.715Z] > git for-each-ref --format=%(refname)%00%(upstream:short)%00%(objectname)%00%(upstream:track) refs/heads/style refs/remotes/style [7ms]
[2022-02-16T23:07:16.762Z] > git for-each-ref --sort -committerdate --format %(refname) %(objectname) %(*objectname) [26ms]
[2022-02-16T23:07:16.764Z] > git remote --verbose [8ms]
[2022-02-16T23:07:16.796Z] > git config --get commit.template [8ms]
[2022-02-16T23:07:17.427Z] > git ls-files --stage -- /home/amarafavour022/alx-pre_course/style.css [7ms]
[2022-02-16T23:07:26.428Z] > git symbolic-ref --short HEAD [4ms]
[2022-02-16T23:07:26.457Z] > git for-each-ref --format=%(refname)%00%(upstream:short)%00%(objectname)%00%(upstream:track) refs/heads/style refs/remotes/style [7ms]
[2022-02-16T23:07:26.506Z] > git for-each-ref --sort -committerdate --format %(refname) %(objectname) %(*objectname) [28ms]
[2022-02-16T23:07:26.510Z] > git remote --verbose [10ms]
[2022-02-16T23:07:26.542Z] > git config --get commit.template [4ms]
[2022-02-16T23:07:31.602Z] > git symbolic-ref --short HEAD [9ms]
[2022-02-16T23:07:31.646Z] > git for-each-ref --format=%(refname)%00%(upstream:short)%00%(objectname)%00%(upstream:track) refs/heads/style refs/remotes/style [11ms]
[2022-02-16T23:07:31.715Z] > git for-each-ref --sort -committerdate --format %(refname) %(objectname) %(*objectname) [35ms]
[2022-02-16T23:07:31.718Z] > git remote --verbose [9ms]
[2022-02-16T23:07:31.754Z] > git config --get commit.template [7ms]
[2022-02-16T23:08:06.924Z] > git symbolic-ref --short HEAD [4ms]
[2022-02-16T23:08:06.947Z] > git for-each-ref --format=%(refname)%00%(upstream:short)%00%(objectname)%00%(upstream:track) refs/heads/style refs/remotes/style [4ms]
[2022-02-16T23:08:07.001Z] > git remote --verbose [9ms]
[2022-02-16T23:08:07.003Z] > git for-each-ref --sort -committerdate --format %(refname) %(objectname) %(*objectname) [38ms]
[2022-02-16T23:08:07.035Z] > git config --get commit.template [4ms]
[2022-02-16T23:08:07.079Z] > git ls-files --stage -- /home/amarafavour022/alx-pre_course/style.css [7ms]
[2022-02-16T23:08:07.102Z] > git cat-file -s 4717ad4b94f6dfedd27029b8432f7e5a458597a8 [5ms]
[2022-02-16T23:08:24.700Z] > git symbolic-ref --short HEAD [5ms]
[2022-02-16T23:08:24.722Z] > git for-each-ref --format=%(refname)%00%(upstream:short)%00%(objectname)%00%(upstream:track) refs/heads/style refs/remotes/style [5ms]
[2022-02-16T23:08:24.779Z] > git remote --verbose [14ms]
[2022-02-16T23:08:24.781Z] > git for-each-ref --sort -committerdate --format %(refname) %(objectname) %(*objectname) [36ms]
[2022-02-16T23:08:24.812Z] > git config --get commit.template [4ms]
[2022-02-16T23:08:24.854Z] > git ls-files --stage -- /home/amarafavour022/alx-pre_course/style.css [4ms]
[2022-02-16T23:08:24.876Z] > git cat-file -s 4717ad4b94f6dfedd27029b8432f7e5a458597a8 [4ms]
