[Info  - 22:32:25.409] Reading sessions from keychain...
[Info  - 22:32:25.602] Getting sessions for user:email...
[Info  - 22:32:25.603] Getting sessions for all scopes...
[Info  - 22:32:25.604] Got 0 sessions for user:email...
[Info  - 22:32:25.604] Got 0 sessions for ...
[Info  - 22:55:26.999] Getting sessions for repo,workflow...
[Info  - 22:55:27.9] Got 0 sessions for repo,workflow...
[Info  - 22:55:32.298] Logging in for the following scopes: repo workflow
[Trace  - 22:56:01.979] Handling Uri...
[Info  - 22:56:01.981] Exchanging code for token...
[Info  - 22:56:03.45] Token exchange success!
[Info  - 22:56:03.48] Getting user info...
[Info  - 22:56:04.12] Got account info!
[Info  - 22:56:04.13] Storing 1 sessions...
[Info  - 22:56:04.107] Reading sessions from keychain...
[Info  - 22:56:04.108] Stored 1 sessions!
[Info  - 22:56:04.109] Login success!
[Info  - 22:56:04.140] Getting sessions for user:email...
[Trace  - 22:56:04.141] Token acquired from secret storage.
[Info  - 22:56:04.141] Got stored sessions!
[Trace  - 22:56:04.141] Read the following session from the keychain with the following scopes: repo workflow
[Info  - 22:56:04.143] Got 1 verified sessions.
[Info  - 22:56:04.144] Got 0 sessions for user:email...
[Info  - 22:59:22.130] Getting sessions for repo,workflow...
[Info  - 22:59:22.130] Got 1 sessions for repo,workflow...
[Info  - 23:09:58.817] Getting sessions for repo,workflow...
[Info  - 23:09:58.817] Got 1 sessions for repo,workflow...
